<?xml version="1.0" encoding="UTF-8"?>
<!-- Generated by org.testng.reporters.JUnitXMLReporter -->
<testsuite hostname="all-PC" ignored="2" name="My App Test Case" tests="17" failures="1" timestamp="06 Dec 2018 10:25:35 GMT" time="0.175" errors="0">
  <testcase name="test1" time="0.018" classname="testngsessions.Depency_In_TestNG">
    <failure type="java.lang.AssertionError" message="expected [true] but found [false]">
      <![CDATA[java.lang.AssertionError: expected [true] but found [false]
at testngsessions.Depency_In_TestNG.test1(Depency_In_TestNG.java:11)
... Removed 29 stack frames]]>
    </failure>
  </testcase> <!-- test1 -->
  <testcase name="test2" time="0.0" classname="testngsessions.Depency_In_TestNG">
    <skipped/>
  </testcase> <!-- test2 -->
  <testcase name="test1" time="0.002" classname="testngsessions.Ignore_TestCases"/>
  <testcase name="test3" time="0.003" classname="testngsessions.Ignore_TestCases"/>
  <testcase name="test5" time="0.003" classname="testngsessions.Ignore_TestCases"/>
  <testcase name="test6" time="0.003" classname="testngsessions.Ignore_TestCases"/>
  <testcase name="logoTest" time="0.012" classname="testngsessions.Invocation_Count"/>
  <testcase name="searchTest" time="0.002" classname="testngsessions.Invocation_Count"/>
  <testcase name="searchTest" time="0.002" classname="testngsessions.Invocation_Count"/>
  <testcase name="searchTest" time="0.002" classname="testngsessions.Invocation_Count"/>
  <testcase name="searchTest" time="0.001" classname="testngsessions.Invocation_Count"/>
  <testcase name="searchTest" time="0.002" classname="testngsessions.Invocation_Count"/>
  <testcase name="LoginTest" time="0.003" classname="testngsessions.TestNGGroups"/>
  <testcase name="RegTest" time="0.002" classname="testngsessions.TestNGGroups"/>
  <testcase name="SearchTest" time="0.002" classname="testngsessions.TestNGGroups"/>
  <testcase name="signUpTest" time="0.003" classname="testngsessions.TestNGGroups"/>
  <testcase name="logoTest" time="0.004" classname="testngsessions.TestNGGroups"/>
  <testcase name="test4" time="0.0" classname="testngsessions.Ignore_TestCases">
    <ignored/>
  </testcase> <!-- test4 -->
  <testcase name="test2" time="0.0" classname="testngsessions.Ignore_TestCases">
    <ignored/>
  </testcase> <!-- test2 -->
</testsuite> <!-- My App Test Case -->
