<?xml version="1.0" encoding="UTF-8"?>
<testng-results skipped="0" failed="0" ignored="0" total="2" passed="2">
  <reporter-output>
  </reporter-output>
  <suite name="Default suite" duration-ms="33545" started-at="2018-12-11T06:30:40Z" finished-at="2018-12-11T06:31:14Z">
    <groups>
    </groups>
    <test name="Default test" duration-ms="33545" started-at="2018-12-11T06:30:40Z" finished-at="2018-12-11T06:31:14Z">
      <class name="testngsessions.TestNGBasics">
        <test-method status="PASS" signature="setUP()[pri:0, instance:testngsessions.TestNGBasics@33f88ab]" name="setUP" is-config="true" duration-ms="20181" started-at="2018-12-11T06:30:40Z" finished-at="2018-12-11T06:31:01Z">
          <reporter-output>
          </reporter-output>
        </test-method> <!-- setUP -->
        <test-method status="PASS" signature="verifyPageTitleTest()[pri:1, instance:testngsessions.TestNGBasics@33f88ab]" name="verifyPageTitleTest" duration-ms="33" started-at="2018-12-11T06:31:01Z" finished-at="2018-12-11T06:31:01Z">
          <reporter-output>
          </reporter-output>
        </test-method> <!-- verifyPageTitleTest -->
        <test-method status="PASS" signature="tearDown()[pri:0, instance:testngsessions.TestNGBasics@33f88ab]" name="tearDown" is-config="true" duration-ms="696" started-at="2018-12-11T06:31:01Z" finished-at="2018-12-11T06:31:01Z">
          <reporter-output>
          </reporter-output>
        </test-method> <!-- tearDown -->
        <test-method status="PASS" signature="setUP()[pri:0, instance:testngsessions.TestNGBasics@33f88ab]" name="setUP" is-config="true" duration-ms="11721" started-at="2018-12-11T06:31:01Z" finished-at="2018-12-11T06:31:13Z">
          <reporter-output>
          </reporter-output>
        </test-method> <!-- setUP -->
        <test-method status="PASS" signature="verifyNetMenusLogoTest()[pri:2, instance:testngsessions.TestNGBasics@33f88ab]" name="verifyNetMenusLogoTest" duration-ms="165" started-at="2018-12-11T06:31:13Z" finished-at="2018-12-11T06:31:13Z">
          <reporter-output>
          </reporter-output>
        </test-method> <!-- verifyNetMenusLogoTest -->
        <test-method status="PASS" signature="tearDown()[pri:0, instance:testngsessions.TestNGBasics@33f88ab]" name="tearDown" is-config="true" duration-ms="683" started-at="2018-12-11T06:31:13Z" finished-at="2018-12-11T06:31:14Z">
          <reporter-output>
          </reporter-output>
        </test-method> <!-- tearDown -->
      </class> <!-- testngsessions.TestNGBasics -->
    </test> <!-- Default test -->
  </suite> <!-- Default suite -->
</testng-results>
